<?xml version="1.0" encoding="UTF-8"?>
<testsuite xmlns:xsi="http://www.w3.org/2001/XMLSchema-instance" xsi:noNamespaceSchemaLocation="https://maven.apache.org/surefire/maven-surefire-plugin/xsd/surefire-test-report.xsd" name="com.jsg.dzfbhealthcard.DzfbHealthCardApplicationTests" time="12.027" tests="1" errors="0" skipped="0" failures="0">
  <properties>
    <property name="sun.desktop" value="windows"/>
    <property name="awt.toolkit" value="sun.awt.windows.WToolkit"/>
    <property name="file.encoding.pkg" value="sun.io"/>
    <property name="java.specification.version" value="1.8"/>
    <property name="sun.cpu.isalist" value="amd64"/>
    <property name="sun.jnu.encoding" value="GBK"/>
    <property name="java.class.path" value="F:\Workspaces\Idea19.2.4\dzfb-health-card\target\test-classes;F:\Workspaces\Idea19.2.4\dzfb-health-card\target\classes;D:\maven_repo\org\springframework\boot\spring-boot-starter-jdbc\2.0.3.RELEASE\spring-boot-starter-jdbc-2.0.3.RELEASE.jar;D:\maven_repo\org\springframework\boot\spring-boot-starter\2.0.3.RELEASE\spring-boot-starter-2.0.3.RELEASE.jar;D:\maven_repo\org\springframework\boot\spring-boot-starter-logging\2.0.3.RELEASE\spring-boot-starter-logging-2.0.3.RELEASE.jar;D:\maven_repo\ch\qos\logback\logback-classic\1.2.3\logback-classic-1.2.3.jar;D:\maven_repo\ch\qos\logback\logback-core\1.2.3\logback-core-1.2.3.jar;D:\maven_repo\org\apache\logging\log4j\log4j-to-slf4j\2.10.0\log4j-to-slf4j-2.10.0.jar;D:\maven_repo\org\apache\logging\log4j\log4j-api\2.10.0\log4j-api-2.10.0.jar;D:\maven_repo\org\slf4j\jul-to-slf4j\1.7.25\jul-to-slf4j-1.7.25.jar;D:\maven_repo\org\yaml\snakeyaml\1.19\snakeyaml-1.19.jar;D:\maven_repo\com\zaxxer\HikariCP\2.7.9\HikariCP-2.7.9.jar;D:\maven_repo\org\slf4j\slf4j-api\1.7.25\slf4j-api-1.7.25.jar;D:\maven_repo\org\springframework\spring-jdbc\5.0.7.RELEASE\spring-jdbc-5.0.7.RELEASE.jar;D:\maven_repo\org\springframework\spring-beans\5.0.7.RELEASE\spring-beans-5.0.7.RELEASE.jar;D:\maven_repo\org\springframework\spring-tx\5.0.7.RELEASE\spring-tx-5.0.7.RELEASE.jar;D:\maven_repo\com\oracle\ojdbc6\11.2.0.3\ojdbc6-11.2.0.3.jar;D:\maven_repo\org\springframework\boot\spring-boot-starter-web\2.0.3.RELEASE\spring-boot-starter-web-2.0.3.RELEASE.jar;D:\maven_repo\org\springframework\boot\spring-boot-starter-json\2.0.3.RELEASE\spring-boot-starter-json-2.0.3.RELEASE.jar;D:\maven_repo\com\fasterxml\jackson\core\jackson-databind\2.9.6\jackson-databind-2.9.6.jar;D:\maven_repo\com\fasterxml\jackson\core\jackson-annotations\2.9.0\jackson-annotations-2.9.0.jar;D:\maven_repo\com\fasterxml\jackson\core\jackson-core\2.9.6\jackson-core-2.9.6.jar;D:\maven_repo\com\fasterxml\jackson\datatype\jackson-datatype-jdk8\2.9.6\jackson-datatype-jdk8-2.9.6.jar;D:\maven_repo\com\fasterxml\jackson\datatype\jackson-datatype-jsr310\2.9.6\jackson-datatype-jsr310-2.9.6.jar;D:\maven_repo\com\fasterxml\jackson\module\jackson-module-parameter-names\2.9.6\jackson-module-parameter-names-2.9.6.jar;D:\maven_repo\org\hibernate\validator\hibernate-validator\6.0.10.Final\hibernate-validator-6.0.10.Final.jar;D:\maven_repo\javax\validation\validation-api\2.0.1.Final\validation-api-2.0.1.Final.jar;D:\maven_repo\org\jboss\logging\jboss-logging\3.3.2.Final\jboss-logging-3.3.2.Final.jar;D:\maven_repo\com\fasterxml\classmate\1.3.4\classmate-1.3.4.jar;D:\maven_repo\org\springframework\spring-web\5.0.7.RELEASE\spring-web-5.0.7.RELEASE.jar;D:\maven_repo\org\springframework\spring-webmvc\5.0.7.RELEASE\spring-webmvc-5.0.7.RELEASE.jar;D:\maven_repo\org\springframework\spring-aop\5.0.7.RELEASE\spring-aop-5.0.7.RELEASE.jar;D:\maven_repo\org\springframework\spring-context\5.0.7.RELEASE\spring-context-5.0.7.RELEASE.jar;D:\maven_repo\org\springframework\spring-expression\5.0.7.RELEASE\spring-expression-5.0.7.RELEASE.jar;D:\maven_repo\com\alibaba\fastjson\1.1.35\fastjson-1.1.35.jar;D:\maven_repo\com\github\pagehelper\pagehelper\4.1.6\pagehelper-4.1.6.jar;D:\maven_repo\com\github\jsqlparser\jsqlparser\0.9.5\jsqlparser-0.9.5.jar;D:\maven_repo\org\apache\httpcomponents\httpclient\4.5.2\httpclient-4.5.2.jar;D:\maven_repo\commons-codec\commons-codec\1.11\commons-codec-1.11.jar;D:\maven_repo\commons-httpclient\commons-httpclient\3.1\commons-httpclient-3.1.jar;D:\maven_repo\commons-logging\commons-logging\1.0.4\commons-logging-1.0.4.jar;D:\maven_repo\org\apache\httpcomponents\httpcore\4.4.9\httpcore-4.4.9.jar;D:\maven_repo\org\mybatis\spring\boot\mybatis-spring-boot-starter\1.3.2\mybatis-spring-boot-starter-1.3.2.jar;D:\maven_repo\org\mybatis\spring\boot\mybatis-spring-boot-autoconfigure\1.3.2\mybatis-spring-boot-autoconfigure-1.3.2.jar;D:\maven_repo\org\mybatis\mybatis\3.4.6\mybatis-3.4.6.jar;D:\maven_repo\org\mybatis\mybatis-spring\1.3.2\mybatis-spring-1.3.2.jar;D:\maven_repo\org\springframework\boot\spring-boot-devtools\2.0.3.RELEASE\spring-boot-devtools-2.0.3.RELEASE.jar;D:\maven_repo\org\springframework\boot\spring-boot\2.0.3.RELEASE\spring-boot-2.0.3.RELEASE.jar;D:\maven_repo\org\springframework\boot\spring-boot-autoconfigure\2.0.3.RELEASE\spring-boot-autoconfigure-2.0.3.RELEASE.jar;D:\maven_repo\org\projectlombok\lombok\1.18.4\lombok-1.18.4.jar;D:\maven_repo\org\springframework\boot\spring-boot-starter-test\2.0.3.RELEASE\spring-boot-starter-test-2.0.3.RELEASE.jar;D:\maven_repo\org\springframework\boot\spring-boot-test\2.0.3.RELEASE\spring-boot-test-2.0.3.RELEASE.jar;D:\maven_repo\org\springframework\boot\spring-boot-test-autoconfigure\2.0.3.RELEASE\spring-boot-test-autoconfigure-2.0.3.RELEASE.jar;D:\maven_repo\com\jayway\jsonpath\json-path\2.4.0\json-path-2.4.0.jar;D:\maven_repo\net\minidev\json-smart\2.3\json-smart-2.3.jar;D:\maven_repo\net\minidev\accessors-smart\1.2\accessors-smart-1.2.jar;D:\maven_repo\org\ow2\asm\asm\5.0.4\asm-5.0.4.jar;D:\maven_repo\junit\junit\4.12\junit-4.12.jar;D:\maven_repo\org\assertj\assertj-core\3.9.1\assertj-core-3.9.1.jar;D:\maven_repo\org\mockito\mockito-core\2.15.0\mockito-core-2.15.0.jar;D:\maven_repo\net\bytebuddy\byte-buddy\1.7.11\byte-buddy-1.7.11.jar;D:\maven_repo\net\bytebuddy\byte-buddy-agent\1.7.11\byte-buddy-agent-1.7.11.jar;D:\maven_repo\org\objenesis\objenesis\2.6\objenesis-2.6.jar;D:\maven_repo\org\hamcrest\hamcrest-core\1.3\hamcrest-core-1.3.jar;D:\maven_repo\org\hamcrest\hamcrest-library\1.3\hamcrest-library-1.3.jar;D:\maven_repo\org\skyscreamer\jsonassert\1.5.0\jsonassert-1.5.0.jar;D:\maven_repo\com\vaadin\external\google\android-json\0.0.20131108.vaadin1\android-json-0.0.20131108.vaadin1.jar;D:\maven_repo\org\springframework\spring-core\5.0.7.RELEASE\spring-core-5.0.7.RELEASE.jar;D:\maven_repo\org\springframework\spring-jcl\5.0.7.RELEASE\spring-jcl-5.0.7.RELEASE.jar;D:\maven_repo\org\springframework\spring-test\5.0.7.RELEASE\spring-test-5.0.7.RELEASE.jar;D:\maven_repo\org\xmlunit\xmlunit-core\2.5.1\xmlunit-core-2.5.1.jar;D:\maven_repo\org\apache\commons\commons-lang3\3.4\commons-lang3-3.4.jar;D:\maven_repo\org\springframework\boot\spring-boot-configuration-processor\2.0.3.RELEASE\spring-boot-configuration-processor-2.0.3.RELEASE.jar;D:\maven_repo\org\springframework\boot\spring-boot-starter-tomcat\2.0.3.RELEASE\spring-boot-starter-tomcat-2.0.3.RELEASE.jar;D:\maven_repo\javax\annotation\javax.annotation-api\1.3.2\javax.annotation-api-1.3.2.jar;D:\maven_repo\org\apache\tomcat\embed\tomcat-embed-core\8.5.31\tomcat-embed-core-8.5.31.jar;D:\maven_repo\org\apache\tomcat\embed\tomcat-embed-el\8.5.31\tomcat-embed-el-8.5.31.jar;D:\maven_repo\org\apache\tomcat\embed\tomcat-embed-websocket\8.5.31\tomcat-embed-websocket-8.5.31.jar;D:\maven_repo\com\h2database\h2\1.4.197\h2-1.4.197.jar;"/>
    <property name="java.vm.vendor" value="Oracle Corporation"/>
    <property name="sun.arch.data.model" value="64"/>
    <property name="user.variant" value=""/>
    <property name="java.vendor.url" value="http://java.oracle.com/"/>
    <property name="user.timezone" value=""/>
    <property name="java.vm.specification.version" value="1.8"/>
    <property name="os.name" value="Windows 10"/>
    <property name="user.country" value="CN"/>
    <property name="sun.java.launcher" value="SUN_STANDARD"/>
    <property name="sun.boot.library.path" value="D:\Program Files\Java2\jdk1.8.0_181\jre\bin"/>
    <property name="sun.java.command" value="C:\Users\Administrator\AppData\Local\Temp\surefire6223211700675341381\surefirebooter933104680929572217.jar C:\Users\Administrator\AppData\Local\Temp\surefire6223211700675341381 2020-06-29T12-11-57_312-jvmRun1 surefire6333784769798277920tmp surefire_01870291889398375478tmp"/>
    <property name="surefire.test.class.path" value="F:\Workspaces\Idea19.2.4\dzfb-health-card\target\test-classes;F:\Workspaces\Idea19.2.4\dzfb-health-card\target\classes;D:\maven_repo\org\springframework\boot\spring-boot-starter-jdbc\2.0.3.RELEASE\spring-boot-starter-jdbc-2.0.3.RELEASE.jar;D:\maven_repo\org\springframework\boot\spring-boot-starter\2.0.3.RELEASE\spring-boot-starter-2.0.3.RELEASE.jar;D:\maven_repo\org\springframework\boot\spring-boot-starter-logging\2.0.3.RELEASE\spring-boot-starter-logging-2.0.3.RELEASE.jar;D:\maven_repo\ch\qos\logback\logback-classic\1.2.3\logback-classic-1.2.3.jar;D:\maven_repo\ch\qos\logback\logback-core\1.2.3\logback-core-1.2.3.jar;D:\maven_repo\org\apache\logging\log4j\log4j-to-slf4j\2.10.0\log4j-to-slf4j-2.10.0.jar;D:\maven_repo\org\apache\logging\log4j\log4j-api\2.10.0\log4j-api-2.10.0.jar;D:\maven_repo\org\slf4j\jul-to-slf4j\1.7.25\jul-to-slf4j-1.7.25.jar;D:\maven_repo\org\yaml\snakeyaml\1.19\snakeyaml-1.19.jar;D:\maven_repo\com\zaxxer\HikariCP\2.7.9\HikariCP-2.7.9.jar;D:\maven_repo\org\slf4j\slf4j-api\1.7.25\slf4j-api-1.7.25.jar;D:\maven_repo\org\springframework\spring-jdbc\5.0.7.RELEASE\spring-jdbc-5.0.7.RELEASE.jar;D:\maven_repo\org\springframework\spring-beans\5.0.7.RELEASE\spring-beans-5.0.7.RELEASE.jar;D:\maven_repo\org\springframework\spring-tx\5.0.7.RELEASE\spring-tx-5.0.7.RELEASE.jar;D:\maven_repo\com\oracle\ojdbc6\11.2.0.3\ojdbc6-11.2.0.3.jar;D:\maven_repo\org\springframework\boot\spring-boot-starter-web\2.0.3.RELEASE\spring-boot-starter-web-2.0.3.RELEASE.jar;D:\maven_repo\org\springframework\boot\spring-boot-starter-json\2.0.3.RELEASE\spring-boot-starter-json-2.0.3.RELEASE.jar;D:\maven_repo\com\fasterxml\jackson\core\jackson-databind\2.9.6\jackson-databind-2.9.6.jar;D:\maven_repo\com\fasterxml\jackson\core\jackson-annotations\2.9.0\jackson-annotations-2.9.0.jar;D:\maven_repo\com\fasterxml\jackson\core\jackson-core\2.9.6\jackson-core-2.9.6.jar;D:\maven_repo\com\fasterxml\jackson\datatype\jackson-datatype-jdk8\2.9.6\jackson-datatype-jdk8-2.9.6.jar;D:\maven_repo\com\fasterxml\jackson\datatype\jackson-datatype-jsr310\2.9.6\jackson-datatype-jsr310-2.9.6.jar;D:\maven_repo\com\fasterxml\jackson\module\jackson-module-parameter-names\2.9.6\jackson-module-parameter-names-2.9.6.jar;D:\maven_repo\org\hibernate\validator\hibernate-validator\6.0.10.Final\hibernate-validator-6.0.10.Final.jar;D:\maven_repo\javax\validation\validation-api\2.0.1.Final\validation-api-2.0.1.Final.jar;D:\maven_repo\org\jboss\logging\jboss-logging\3.3.2.Final\jboss-logging-3.3.2.Final.jar;D:\maven_repo\com\fasterxml\classmate\1.3.4\classmate-1.3.4.jar;D:\maven_repo\org\springframework\spring-web\5.0.7.RELEASE\spring-web-5.0.7.RELEASE.jar;D:\maven_repo\org\springframework\spring-webmvc\5.0.7.RELEASE\spring-webmvc-5.0.7.RELEASE.jar;D:\maven_repo\org\springframework\spring-aop\5.0.7.RELEASE\spring-aop-5.0.7.RELEASE.jar;D:\maven_repo\org\springframework\spring-context\5.0.7.RELEASE\spring-context-5.0.7.RELEASE.jar;D:\maven_repo\org\springframework\spring-expression\5.0.7.RELEASE\spring-expression-5.0.7.RELEASE.jar;D:\maven_repo\com\alibaba\fastjson\1.1.35\fastjson-1.1.35.jar;D:\maven_repo\com\github\pagehelper\pagehelper\4.1.6\pagehelper-4.1.6.jar;D:\maven_repo\com\github\jsqlparser\jsqlparser\0.9.5\jsqlparser-0.9.5.jar;D:\maven_repo\org\apache\httpcomponents\httpclient\4.5.2\httpclient-4.5.2.jar;D:\maven_repo\commons-codec\commons-codec\1.11\commons-codec-1.11.jar;D:\maven_repo\commons-httpclient\commons-httpclient\3.1\commons-httpclient-3.1.jar;D:\maven_repo\commons-logging\commons-logging\1.0.4\commons-logging-1.0.4.jar;D:\maven_repo\org\apache\httpcomponents\httpcore\4.4.9\httpcore-4.4.9.jar;D:\maven_repo\org\mybatis\spring\boot\mybatis-spring-boot-starter\1.3.2\mybatis-spring-boot-starter-1.3.2.jar;D:\maven_repo\org\mybatis\spring\boot\mybatis-spring-boot-autoconfigure\1.3.2\mybatis-spring-boot-autoconfigure-1.3.2.jar;D:\maven_repo\org\mybatis\mybatis\3.4.6\mybatis-3.4.6.jar;D:\maven_repo\org\mybatis\mybatis-spring\1.3.2\mybatis-spring-1.3.2.jar;D:\maven_repo\org\springframework\boot\spring-boot-devtools\2.0.3.RELEASE\spring-boot-devtools-2.0.3.RELEASE.jar;D:\maven_repo\org\springframework\boot\spring-boot\2.0.3.RELEASE\spring-boot-2.0.3.RELEASE.jar;D:\maven_repo\org\springframework\boot\spring-boot-autoconfigure\2.0.3.RELEASE\spring-boot-autoconfigure-2.0.3.RELEASE.jar;D:\maven_repo\org\projectlombok\lombok\1.18.4\lombok-1.18.4.jar;D:\maven_repo\org\springframework\boot\spring-boot-starter-test\2.0.3.RELEASE\spring-boot-starter-test-2.0.3.RELEASE.jar;D:\maven_repo\org\springframework\boot\spring-boot-test\2.0.3.RELEASE\spring-boot-test-2.0.3.RELEASE.jar;D:\maven_repo\org\springframework\boot\spring-boot-test-autoconfigure\2.0.3.RELEASE\spring-boot-test-autoconfigure-2.0.3.RELEASE.jar;D:\maven_repo\com\jayway\jsonpath\json-path\2.4.0\json-path-2.4.0.jar;D:\maven_repo\net\minidev\json-smart\2.3\json-smart-2.3.jar;D:\maven_repo\net\minidev\accessors-smart\1.2\accessors-smart-1.2.jar;D:\maven_repo\org\ow2\asm\asm\5.0.4\asm-5.0.4.jar;D:\maven_repo\junit\junit\4.12\junit-4.12.jar;D:\maven_repo\org\assertj\assertj-core\3.9.1\assertj-core-3.9.1.jar;D:\maven_repo\org\mockito\mockito-core\2.15.0\mockito-core-2.15.0.jar;D:\maven_repo\net\bytebuddy\byte-buddy\1.7.11\byte-buddy-1.7.11.jar;D:\maven_repo\net\bytebuddy\byte-buddy-agent\1.7.11\byte-buddy-agent-1.7.11.jar;D:\maven_repo\org\objenesis\objenesis\2.6\objenesis-2.6.jar;D:\maven_repo\org\hamcrest\hamcrest-core\1.3\hamcrest-core-1.3.jar;D:\maven_repo\org\hamcrest\hamcrest-library\1.3\hamcrest-library-1.3.jar;D:\maven_repo\org\skyscreamer\jsonassert\1.5.0\jsonassert-1.5.0.jar;D:\maven_repo\com\vaadin\external\google\android-json\0.0.20131108.vaadin1\android-json-0.0.20131108.vaadin1.jar;D:\maven_repo\org\springframework\spring-core\5.0.7.RELEASE\spring-core-5.0.7.RELEASE.jar;D:\maven_repo\org\springframework\spring-jcl\5.0.7.RELEASE\spring-jcl-5.0.7.RELEASE.jar;D:\maven_repo\org\springframework\spring-test\5.0.7.RELEASE\spring-test-5.0.7.RELEASE.jar;D:\maven_repo\org\xmlunit\xmlunit-core\2.5.1\xmlunit-core-2.5.1.jar;D:\maven_repo\org\apache\commons\commons-lang3\3.4\commons-lang3-3.4.jar;D:\maven_repo\org\springframework\boot\spring-boot-configuration-processor\2.0.3.RELEASE\spring-boot-configuration-processor-2.0.3.RELEASE.jar;D:\maven_repo\org\springframework\boot\spring-boot-starter-tomcat\2.0.3.RELEASE\spring-boot-starter-tomcat-2.0.3.RELEASE.jar;D:\maven_repo\javax\annotation\javax.annotation-api\1.3.2\javax.annotation-api-1.3.2.jar;D:\maven_repo\org\apache\tomcat\embed\tomcat-embed-core\8.5.31\tomcat-embed-core-8.5.31.jar;D:\maven_repo\org\apache\tomcat\embed\tomcat-embed-el\8.5.31\tomcat-embed-el-8.5.31.jar;D:\maven_repo\org\apache\tomcat\embed\tomcat-embed-websocket\8.5.31\tomcat-embed-websocket-8.5.31.jar;D:\maven_repo\com\h2database\h2\1.4.197\h2-1.4.197.jar;"/>
    <property name="sun.cpu.endian" value="little"/>
    <property name="user.home" value="C:\Users\Administrator"/>
    <property name="user.language" value="zh"/>
    <property name="java.specification.vendor" value="Oracle Corporation"/>
    <property name="java.home" value="D:\Program Files\Java2\jdk1.8.0_181\jre"/>
    <property name="basedir" value="F:\Workspaces\Idea19.2.4\dzfb-health-card"/>
    <property name="file.separator" value="\"/>
    <property name="line.separator" value="&#10;"/>
    <property name="idea.version2019.2.4" value="true"/>
    <property name="java.vm.specification.vendor" value="Oracle Corporation"/>
    <property name="java.specification.name" value="Java Platform API Specification"/>
    <property name="java.awt.graphicsenv" value="sun.awt.Win32GraphicsEnvironment"/>
    <property name="surefire.real.class.path" value="C:\Users\Administrator\AppData\Local\Temp\surefire6223211700675341381\surefirebooter933104680929572217.jar"/>
    <property name="sun.boot.class.path" value="D:\Program Files\Java2\jdk1.8.0_181\jre\lib\resources.jar;D:\Program Files\Java2\jdk1.8.0_181\jre\lib\rt.jar;D:\Program Files\Java2\jdk1.8.0_181\jre\lib\sunrsasign.jar;D:\Program Files\Java2\jdk1.8.0_181\jre\lib\jsse.jar;D:\Program Files\Java2\jdk1.8.0_181\jre\lib\jce.jar;D:\Program Files\Java2\jdk1.8.0_181\jre\lib\charsets.jar;D:\Program Files\Java2\jdk1.8.0_181\jre\lib\jfr.jar;D:\Program Files\Java2\jdk1.8.0_181\jre\classes"/>
    <property name="user.script" value=""/>
    <property name="sun.management.compiler" value="HotSpot 64-Bit Tiered Compilers"/>
    <property name="java.runtime.version" value="1.8.0_181-b13"/>
    <property name="user.name" value="zhulin"/>
    <property name="path.separator" value=";"/>
    <property name="os.version" value="10.0"/>
    <property name="java.endorsed.dirs" value="D:\Program Files\Java2\jdk1.8.0_181\jre\lib\endorsed"/>
    <property name="java.runtime.name" value="Java(TM) SE Runtime Environment"/>
    <property name="file.encoding" value="GBK"/>
    <property name="java.vm.name" value="Java HotSpot(TM) 64-Bit Server VM"/>
    <property name="localRepository" value="D:\maven_repo"/>
    <property name="java.vendor.url.bug" value="http://bugreport.sun.com/bugreport/"/>
    <property name="java.io.tmpdir" value="C:\Users\Administrator\AppData\Local\Temp\"/>
    <property name="java.version" value="1.8.0_181"/>
    <property name="user.dir" value="F:\Workspaces\Idea19.2.4\dzfb-health-card"/>
    <property name="os.arch" value="amd64"/>
    <property name="java.vm.specification.name" value="Java Virtual Machine Specification"/>
    <property name="java.awt.printerjob" value="sun.awt.windows.WPrinterJob"/>
    <property name="sun.os.patch.level" value=""/>
    <property name="java.library.path" value="D:\Program Files\Java2\jdk1.8.0_181\jre\bin;C:\Windows\Sun\Java\bin;C:\Windows\system32;C:\Windows;C:\Program Files (x86)\Common Files\Oracle\Java\javapath;C:\Windows\system32;C:\Windows;C:\Windows\System32\Wbem;C:\Windows\System32\WindowsPowerShell\v1.0\;C:\Windows\System32\OpenSSH\;D:\Program Files\Java2\jdk1.8.0_181\bin;D:\Program Files\Java2\jre1.8.0\bin;D:\Program Files\apache-maven-3.3.9\bin;D:\Program Files\TortoiseSVN\bin;C:\Program Files\dotnet\;C:\Program Files\Microsoft SQL Server\130\Tools\Binn\;C:\Users\Administrator\AppData\Local\Microsoft\WindowsApps;;."/>
    <property name="java.vm.info" value="mixed mode"/>
    <property name="java.vendor" value="Oracle Corporation"/>
    <property name="java.vm.version" value="25.181-b13"/>
    <property name="java.ext.dirs" value="D:\Program Files\Java2\jdk1.8.0_181\jre\lib\ext;C:\Windows\Sun\Java\lib\ext"/>
    <property name="sun.io.unicode.encoding" value="UnicodeLittle"/>
    <property name="java.class.version" value="52.0"/>
  </properties>
  <testcase name="contextLoads" classname="com.jsg.dzfbhealthcard.DzfbHealthCardApplicationTests" time="0.991"/>
</testsuite>